<?xml version="1.0" encoding="UTF-8"?>
<!-- Generated by org.testng.reporters.JUnitReportReporter -->
<testsuite hostname="SL1-L0016" failures="0" tests="1" name="SingletonFrameworkTest.Test" time="25.531" errors="0" timestamp="2021-11-15T16:54:33 IST" skipped="0">
  <testcase classname="SingletonFrameworkTest.Test" name="Login" time="25.531"/>
  <system-out/>
</testsuite> <!-- SingletonFrameworkTest.Test -->
