<?xml version="1.0" encoding="UTF-8"?>
<!-- Generated by org.testng.reporters.JUnitReportReporter -->
<testsuite hostname="SL1-L0016" failures="0" tests="1" name="SingletonFrameworkTest.Test" time="24.294" errors="0" timestamp="2021-11-07T00:21:15 IST" skipped="0">
  <testcase classname="SingletonFrameworkTest.Test" name="Login" time="24.294"/>
  <system-out/>
</testsuite> <!-- SingletonFrameworkTest.Test -->
